<?xml version="1.0" encoding="UTF-8"?>
<!-- Generated by org.testng.reporters.JUnitReportReporter -->
<testsuite hostname="LIN-5CD5329NVS" failures="1" tests="3" name="com.gmail.Runner.TestRunner2" time="21.310" errors="0" timestamp="2025-10-29T16:13:20 IST" skipped="0">
  <testcase classname="com.gmail.Runner.TestRunner2" name="runScenario" time="6.863">
    <failure message="expected [true] but found [false]" type="java.lang.AssertionError">
      <![CDATA[java.lang.AssertionError: expected [true] but found [false]
at org.testng.Assert.fail(Assert.java:111)
at org.testng.Assert.failNotEquals(Assert.java:1578)
at org.testng.Assert.assertTrue(Assert.java:57)
at org.testng.Assert.assertTrue(Assert.java:67)
at com.gmail.Users.StepDef.LoginDemo2.its_navigated_to_the_home_page(LoginDemo2.java:59)
at âœ½.Its navigated to the home page "Enter your userName and password correct"(file:///C:/Users/abaskara/eclipse-workspace/hdfcBDD/./src/test/java/com/gmail/Users/Features/login2.feature:48)
]]>
    </failure>
  </testcase> <!-- runScenario -->
  <testcase classname="com.gmail.Runner.TestRunner2" name="runScenario" time="8.507"/>
  <testcase classname="com.gmail.Runner.TestRunner2" name="runScenario" time="5.940"/>
</testsuite> <!-- com.gmail.Runner.TestRunner2 -->
