<?xml version="1.0" encoding="UTF-8"?>
<!-- Generated by org.testng.reporters.JUnitReportReporter -->
<testsuite hostname="LIN-5CD5329NVS" failures="0" tests="3" name="TestScript.JsonTest" time="0.018" errors="0" timestamp="2025-10-27T09:40:40 IST" skipped="0">
  <testcase classname="TestScript.JsonTest" name="f" time="0.001"/>
  <testcase classname="TestScript.JsonTest" name="f" time="0.014"/>
  <testcase classname="TestScript.JsonTest" name="f" time="0.003"/>
</testsuite> <!-- TestScript.JsonTest -->
